<?xml version="1.0" encoding="UTF-8"?>
<!-- Generated by org.testng.reporters.JUnitReportReporter -->
<testsuite hostname="w7mrangnathan" name="loginpackage.Login" tests="1" failures="0" timestamp="12 Dec 2014 07:38:23 GMT" time="0.006" errors="0">
  <testcase name="LogoAvail" time="0.006" classname="loginpackage.Login"/>
</testsuite> <!-- loginpackage.Login -->
