<?xml version="1.0" encoding="UTF-8"?>
<!-- Generated by org.testng.reporters.JUnitReportReporter -->
<testsuite hostname="w7mrangnathan" name="com.obj.TestScript.TestScript" tests="12" failures="0" timestamp="8 Dec 2014 12:35:32 GMT" time="60.487" errors="0">
  <testcase name="Elipse" time="3.100" classname="com.obj.TestScript.TestScript"/>
  <testcase name="PasswordInput" time="2.639" classname="com.obj.TestScript.TestScript"/>
  <testcase name="LoginInput" time="2.099" classname="com.obj.TestScript.TestScript"/>
  <testcase name="LoginInput" time="2.825" classname="com.obj.TestScript.TestScript"/>
  <testcase name="LoggingOut" time="4.387" classname="com.obj.TestScript.TestScript"/>
  <testcase name="Loginclick" time="8.312" classname="com.obj.TestScript.TestScript"/>
  <testcase name="Loginclick" time="8.594" classname="com.obj.TestScript.TestScript"/>
  <testcase name="loginlink" time="7.030" classname="com.obj.TestScript.TestScript"/>
  <testcase name="Elipse" time="8.213" classname="com.obj.TestScript.TestScript"/>
  <testcase name="LoggingOut" time="4.487" classname="com.obj.TestScript.TestScript"/>
  <testcase name="loginlink" time="6.732" classname="com.obj.TestScript.TestScript"/>
  <testcase name="PasswordInput" time="2.069" classname="com.obj.TestScript.TestScript"/>
</testsuite> <!-- com.obj.TestScript.TestScript -->
