<?xml version="1.0" encoding="UTF-8"?>
<!-- Generated by org.testng.reporters.JUnitReportReporter -->
<testsuite hostname="w7mrangnathan" name="com.obj.TestScript.TestScript" tests="6" failures="0" timestamp="8 Dec 2014 11:35:16 GMT" time="22.571" errors="0">
  <testcase name="LoginInput" time="2.437" classname="com.obj.TestScript.TestScript"/>
  <testcase name="LoggingOut" time="4.274" classname="com.obj.TestScript.TestScript"/>
  <testcase name="PasswordInput" time="2.223" classname="com.obj.TestScript.TestScript"/>
  <testcase name="Elipse" time="7.352" classname="com.obj.TestScript.TestScript"/>
  <testcase name="loginlink" time="4.123" classname="com.obj.TestScript.TestScript"/>
  <testcase name="Loginclick" time="2.162" classname="com.obj.TestScript.TestScript"/>
</testsuite> <!-- com.obj.TestScript.TestScript -->
