<?xml version="1.0" encoding="UTF-8"?>
<!-- Generated by org.testng.reporters.JUnitReportReporter -->
<testsuite hostname="w7mrangnathan" name="java_tut.linksTest" tests="2" failures="0" timestamp="22 Dec 2014 06:50:39 GMT" time="2.520" errors="0">
  <testcase name="CloseTest" time="0.011" classname="java_tut.linksTest"/>
  <testcase name="testFindElements" time="2.509" classname="java_tut.linksTest"/>
</testsuite> <!-- java_tut.linksTest -->
